2025-10-17 11:46:09 INFO  c.w.gateway.WigellGatewayApplication - Starting WigellGatewayApplication using Java 21.0.8 with PID 19304 (C:\Users\sanof\Documents\wigell-repairs\wigell_gateway\target\classes started by sanof in C:\Users\sanof\Documents\wigell-repairs\wigell_gateway)
2025-10-17 11:46:09 INFO  c.w.gateway.WigellGatewayApplication - No active profile set, falling back to 1 default profile: "default"
2025-10-17 11:46:10 INFO  o.s.d.r.c.RepositoryConfigurationDelegate - Bootstrapping Spring Data JPA repositories in DEFAULT mode.
2025-10-17 11:46:10 INFO  o.s.d.r.c.RepositoryConfigurationDelegate - Finished Spring Data repository scanning in 13 ms. Found 0 JPA repository interfaces.
2025-10-17 11:46:11 INFO  o.s.b.w.e.tomcat.TomcatWebServer - Tomcat initialized with port 4545 (http)
2025-10-17 11:46:11 INFO  o.a.coyote.http11.Http11NioProtocol - Initializing ProtocolHandler ["http-nio-4545"]
2025-10-17 11:46:11 INFO  o.a.catalina.core.StandardService - Starting service [Tomcat]
2025-10-17 11:46:11 INFO  o.a.catalina.core.StandardEngine - Starting Servlet engine: [Apache Tomcat/10.1.46]
2025-10-17 11:46:11 INFO  o.a.c.c.C.[Tomcat].[localhost].[/] - Initializing Spring embedded WebApplicationContext
2025-10-17 11:46:11 INFO  o.s.b.w.s.c.ServletWebServerApplicationContext - Root WebApplicationContext: initialization completed in 1298 ms
2025-10-17 11:46:11 INFO  com.zaxxer.hikari.HikariDataSource - HikariPool-1 - Starting...
2025-10-17 11:46:11 INFO  com.zaxxer.hikari.pool.HikariPool - HikariPool-1 - Added connection conn0: url=jdbc:h2:mem:3925f9cf-9e88-441c-beba-c3833938606e user=SA
2025-10-17 11:46:11 INFO  com.zaxxer.hikari.HikariDataSource - HikariPool-1 - Start completed.
2025-10-17 11:46:11 INFO  o.h.jpa.internal.util.LogHelper - HHH000204: Processing PersistenceUnitInfo [name: default]
2025-10-17 11:46:11 INFO  org.hibernate.Version - HHH000412: Hibernate ORM core version 6.6.29.Final
2025-10-17 11:46:11 INFO  o.h.c.i.RegionFactoryInitiator - HHH000026: Second-level cache disabled
2025-10-17 11:46:11 INFO  o.s.o.j.p.SpringPersistenceUnitInfo - No LoadTimeWeaver setup: ignoring JPA class transformer
2025-10-17 11:46:12 INFO  o.hibernate.orm.connections.pooling - HHH10001005: Database info:
	Database JDBC URL [Connecting through datasource 'HikariDataSource (HikariPool-1)']
	Database driver: undefined/unknown
	Database version: 2.3.232
	Autocommit mode: undefined/unknown
	Isolation level: undefined/unknown
	Minimum pool size: undefined/unknown
	Maximum pool size: undefined/unknown
2025-10-17 11:46:12 INFO  o.h.e.t.j.p.i.JtaPlatformInitiator - HHH000489: No JTA platform available (set 'hibernate.transaction.jta.platform' to enable JTA platform integration)
2025-10-17 11:46:12 INFO  o.s.o.j.LocalContainerEntityManagerFactoryBean - Initialized JPA EntityManagerFactory for persistence unit 'default'
2025-10-17 11:46:12 WARN  o.s.b.a.o.j.JpaBaseConfiguration$JpaWebConfiguration - spring.jpa.open-in-view is enabled by default. Therefore, database queries may be performed during view rendering. Explicitly configure spring.jpa.open-in-view to disable this warning
2025-10-17 11:46:12 WARN  o.s.b.a.s.s.UserDetailsServiceAutoConfiguration - 

Using generated security password: 459e54b2-e3f0-4729-8961-2c1fa4421aa9

This generated password is for development use only. Your security configuration must be updated before running your application in production.

2025-10-17 11:46:12 INFO  o.s.s.c.a.a.c.InitializeUserDetailsBeanManagerConfigurer$InitializeUserDetailsManagerConfigurer - Global AuthenticationManager configured with UserDetailsService bean with name inMemoryUserDetailsManager
2025-10-17 11:46:12 INFO  o.a.coyote.http11.Http11NioProtocol - Starting ProtocolHandler ["http-nio-4545"]
2025-10-17 11:46:13 INFO  o.s.b.w.e.tomcat.TomcatWebServer - Tomcat started on port 4545 (http) with context path '/'
2025-10-17 11:46:13 INFO  c.w.gateway.WigellGatewayApplication - Started WigellGatewayApplication in 3.908 seconds (process running for 14.112)
2025-10-17 12:21:25 WARN  com.zaxxer.hikari.pool.HikariPool - HikariPool-1 - Thread starvation or clock leap detected (housekeeper delta=24m13s645ms235µs200ns).
2025-10-17 14:31:07 WARN  com.zaxxer.hikari.pool.HikariPool - HikariPool-1 - Thread starvation or clock leap detected (housekeeper delta=2h3m12s9ms978µs200ns).
2025-10-17 17:05:27 WARN  com.zaxxer.hikari.pool.HikariPool - HikariPool-1 - Thread starvation or clock leap detected (housekeeper delta=2h11m19s337ms782µs700ns).
2025-10-17 18:47:21 WARN  com.zaxxer.hikari.pool.HikariPool - HikariPool-1 - Thread starvation or clock leap detected (housekeeper delta=1h23m53s871ms479µs400ns).
2025-10-17 20:04:43 WARN  com.zaxxer.hikari.pool.HikariPool - HikariPool-1 - Thread starvation or clock leap detected (housekeeper delta=49m51s634ms570µs700ns).
2025-10-17 20:08:07 INFO  o.a.c.c.C.[Tomcat].[localhost].[/] - Initializing Spring DispatcherServlet 'dispatcherServlet'
2025-10-17 20:08:07 INFO  o.s.web.servlet.DispatcherServlet - Initializing Servlet 'dispatcherServlet'
2025-10-17 20:08:08 INFO  o.s.web.servlet.DispatcherServlet - Completed initialization in 168 ms
2025-10-17 20:08:08 WARN  o.a.c.util.SessionIdGeneratorBase - Creation of SecureRandom instance for session ID generation using [SHA1PRNG] took [118] milliseconds.
2025-10-17 20:22:59 INFO  o.s.b.w.e.tomcat.GracefulShutdown - Commencing graceful shutdown. Waiting for active requests to complete
2025-10-17 20:22:59 INFO  o.s.b.w.e.tomcat.GracefulShutdown - Graceful shutdown complete
2025-10-17 20:22:59 INFO  o.s.o.j.LocalContainerEntityManagerFactoryBean - Closing JPA EntityManagerFactory for persistence unit 'default'
2025-10-17 20:22:59 INFO  com.zaxxer.hikari.HikariDataSource - HikariPool-1 - Shutdown initiated...
2025-10-17 20:22:59 INFO  com.zaxxer.hikari.HikariDataSource - HikariPool-1 - Shutdown completed.
